{"name":"Successful Logging","id":"logging;successful-logging","testSteps":[{"number":1,"description":"Given that the user is on the web page","duration":8420,"startTime":"2023-09-28T10:22:20.641-05:00[America/Bogota]","screenshots":[{"screenshot":"e1188f3268637369211a05f35bfceb13f3baf4103c9e578582aac760e9471a61.png","timeStamp":1695914549060}],"result":"SUCCESS","precondition":false,"level":0,"children":[{"number":2,"description":"Felipe opens the https://www.booking.com/index.es.html","duration":7210,"startTime":"2023-09-28T10:22:21.080-05:00[America/Bogota]","result":"SUCCESS","precondition":false,"level":1}]},{"number":3,"description":"When the user enters the credentials","duration":17,"startTime":"2023-09-28T10:22:29.064-05:00[America/Bogota]","screenshots":[{"screenshot":"e1188f3268637369211a05f35bfceb13f3baf4103c9e578582aac760e9471a61.png","timeStamp":1695914549081}],"result":"SUCCESS","precondition":false,"level":0},{"number":4,"description":"Then the user will be logged in","duration":21247,"startTime":"2023-09-28T10:22:29.083-05:00[America/Bogota]","screenshots":[{"screenshot":"e1188f3268637369211a05f35bfceb13f3baf4103c9e578582aac760e9471a61.png","timeStamp":1695914549095}],"exception":{"errorType":"java.lang.AssertionError","message":"no such element: Unable to locate element: {\"method\":\"xpath\",\"selector\":\"//div[text()\u003d\u0027Swag Labs\u0027]\"}\n  (Session info: chrome\u003d117.0.5938.92)\nFor documentation on this error, please visit: https://www.seleniumhq.org/exceptions/no_such_element.html\nBuild info: version: \u00273.141.59\u0027, revision: \u0027e82be7d358\u0027, time: \u00272018-11-14T08:17:03\u0027\nSystem info: host: \u0027DESKTOP-O230S6D\u0027, ip: \u0027172.18.100.122\u0027, os.name: \u0027Windows 11\u0027, os.arch: \u0027amd64\u0027, os.version: \u002710.0\u0027, java.version: \u00271.8.0_382\u0027\nDriver info: org.openqa.selenium.chrome.ChromeDriver\nCapabilities {acceptInsecureCerts: false, browserName: chrome, browserVersion: 117.0.5938.92, chrome: {chromedriverVersion: 117.0.5938.88 (be6afae47212..., userDataDir: C:\\Users\\SENA\\AppData\\Local...}, fedcm:accounts: true, goog:chromeOptions: {debuggerAddress: localhost:56656}, javascriptEnabled: true, networkConnectionEnabled: false, pageLoadStrategy: normal, platform: WINDOWS, platformName: WINDOWS, proxy: Proxy(), setWindowRect: true, strictFileInteractability: false, timeouts: {implicit: 0, pageLoad: 300000, script: 30000}, unhandledPromptBehavior: dismiss and notify, webauthn:extension:credBlob: true, webauthn:extension:largeBlob: true, webauthn:extension:minPinLength: true, webauthn:extension:prf: true, webauthn:virtualAuthenticators: true}\nSession ID: 27a2e39367058a5a170139cd467bb247\n*** Element info: {Using\u003dxpath, value\u003d//div[text()\u003d\u0027Swag Labs\u0027]}","stackTrace":[{"declaringClass":"co.com.sena.steptsdefinitions.LoginStepDefinition","methodName":"theUserWillBeLoggedIn","fileName":"LoginStepDefinition.java","lineNumber":46},{"declaringClass":"âœ½","methodName":"the user will be logged in","fileName":"file:///D:/Diego/ProjectAutomatizacion/selenium/SCREENPLAY/ScreenplaySenasoft2023/src/test/resources/features/login.feature","lineNumber":6}]},"result":"FAILURE","precondition":false,"level":0,"children":[{"number":5,"description":"Then validation name should be \u0027Swag Labs\u0027","duration":21046,"startTime":"2023-09-28T10:22:29.262-05:00[America/Bogota]","screenshots":[{"screenshot":"2dd6720cd36eaad093c48417296ad1f69d8d931933c21daa1b944e408a890542.png","timeStamp":1695914549631},{"screenshot":"2dd6720cd36eaad093c48417296ad1f69d8d931933c21daa1b944e408a890542.png","htmlSource":"pagesource666116277267622551.html.txt","timeStamp":1695914570296}],"exception":{"errorType":"org.openqa.selenium.NoSuchElementException","message":"no such element: Unable to locate element: {\"method\":\"xpath\",\"selector\":\"//div[text()\u003d\u0027Swag Labs\u0027]\"}\n  (Session info: chrome\u003d117.0.5938.92)\nFor documentation on this error, please visit: https://www.seleniumhq.org/exceptions/no_such_element.html\nBuild info: version: \u00273.141.59\u0027, revision: \u0027e82be7d358\u0027, time: \u00272018-11-14T08:17:03\u0027\nSystem info: host: \u0027DESKTOP-O230S6D\u0027, ip: \u0027172.18.100.122\u0027, os.name: \u0027Windows 11\u0027, os.arch: \u0027amd64\u0027, os.version: \u002710.0\u0027, java.version: \u00271.8.0_382\u0027\nDriver info: org.openqa.selenium.chrome.ChromeDriver\nCapabilities {acceptInsecureCerts: false, browserName: chrome, browserVersion: 117.0.5938.92, chrome: {chromedriverVersion: 117.0.5938.88 (be6afae47212..., userDataDir: C:\\Users\\SENA\\AppData\\Local...}, fedcm:accounts: true, goog:chromeOptions: {debuggerAddress: localhost:56656}, javascriptEnabled: true, networkConnectionEnabled: false, pageLoadStrategy: normal, platform: WINDOWS, platformName: WINDOWS, proxy: Proxy(), setWindowRect: true, strictFileInteractability: false, timeouts: {implicit: 0, pageLoad: 300000, script: 30000}, unhandledPromptBehavior: dismiss and notify, webauthn:extension:credBlob: true, webauthn:extension:largeBlob: true, webauthn:extension:minPinLength: true, webauthn:extension:prf: true, webauthn:virtualAuthenticators: true}\nSession ID: 27a2e39367058a5a170139cd467bb247\n*** Element info: {Using\u003dxpath, value\u003d//div[text()\u003d\u0027Swag Labs\u0027]}","stackTrace":[{"declaringClass":"co.com.sena.questions.ValidationName","methodName":"answeredBy","fileName":"ValidationName.java","lineNumber":13},{"declaringClass":"co.com.sena.steptsdefinitions.LoginStepDefinition","methodName":"theUserWillBeLoggedIn","fileName":"LoginStepDefinition.java","lineNumber":46},{"declaringClass":"io.cucumber.java.Invoker","methodName":"doInvoke","fileName":"Invoker.java","lineNumber":66},{"declaringClass":"io.cucumber.java.Invoker","methodName":"invoke","fileName":"Invoker.java","lineNumber":24},{"declaringClass":"io.cucumber.java.AbstractGlueDefinition","methodName":"invokeMethod","fileName":"AbstractGlueDefinition.java","lineNumber":47},{"declaringClass":"io.cucumber.java.JavaStepDefinition","methodName":"execute","fileName":"JavaStepDefinition.java","lineNumber":29},{"declaringClass":"io.cucumber.core.runner.CoreStepDefinition","methodName":"execute","fileName":"CoreStepDefinition.java","lineNumber":66},{"declaringClass":"io.cucumber.core.runner.PickleStepDefinitionMatch","methodName":"runStep","fileName":"PickleStepDefinitionMatch.java","lineNumber":63},{"declaringClass":"io.cucumber.core.runner.TestStep","methodName":"executeStep","fileName":"TestStep.java","lineNumber":92},{"declaringClass":"io.cucumber.core.runner.TestStep","methodName":"run","fileName":"TestStep.java","lineNumber":64},{"declaringClass":"io.cucumber.core.runner.PickleStepTestStep","methodName":"run","fileName":"PickleStepTestStep.java","lineNumber":51},{"declaringClass":"io.cucumber.core.runner.TestCase","methodName":"run","fileName":"TestCase.java","lineNumber":104},{"declaringClass":"io.cucumber.core.runner.Runner","methodName":"runPickle","fileName":"Runner.java","lineNumber":73},{"declaringClass":"io.cucumber.junit.FeatureRunner","methodName":"runChild","fileName":"FeatureRunner.java","lineNumber":135},{"declaringClass":"io.cucumber.junit.FeatureRunner","methodName":"runChild","fileName":"FeatureRunner.java","lineNumber":27},{"declaringClass":"io.cucumber.junit.CucumberSerenityRunner","methodName":"runChild","fileName":"CucumberSerenityRunner.java","lineNumber":258},{"declaringClass":"io.cucumber.junit.CucumberSerenityRunner","methodName":"runChild","fileName":"CucumberSerenityRunner.java","lineNumber":57}]},"result":"ERROR","precondition":false,"level":1}]}],"userStory":{"id":"logging","storyName":"Logging","path":"login.feature","type":"feature"},"featureTag":{"name":"Logging","type":"feature","displayName":"Logging"},"title":"Successful Logging","description":"","tags":[{"name":"Logging","type":"feature","displayName":"Logging"}],"startTime":"2023-09-28T10:22:20.363-05:00[America/Bogota]","duration":29980,"testFailureCause":{"errorType":"org.openqa.selenium.NoSuchElementException","message":"no such element: Unable to locate element: {\"method\":\"xpath\",\"selector\":\"//div[text()\u003d\u0027Swag Labs\u0027]\"}\n  (Session info: chrome\u003d117.0.5938.92)\nFor documentation on this error, please visit: https://www.seleniumhq.org/exceptions/no_such_element.html\nBuild info: version: \u00273.141.59\u0027, revision: \u0027e82be7d358\u0027, time: \u00272018-11-14T08:17:03\u0027\nSystem info: host: \u0027DESKTOP-O230S6D\u0027, ip: \u0027172.18.100.122\u0027, os.name: \u0027Windows 11\u0027, os.arch: \u0027amd64\u0027, os.version: \u002710.0\u0027, java.version: \u00271.8.0_382\u0027\nDriver info: org.openqa.selenium.chrome.ChromeDriver\nCapabilities {acceptInsecureCerts: false, browserName: chrome, browserVersion: 117.0.5938.92, chrome: {chromedriverVersion: 117.0.5938.88 (be6afae47212..., userDataDir: C:\\Users\\SENA\\AppData\\Local...}, fedcm:accounts: true, goog:chromeOptions: {debuggerAddress: localhost:56656}, javascriptEnabled: true, networkConnectionEnabled: false, pageLoadStrategy: normal, platform: WINDOWS, platformName: WINDOWS, proxy: Proxy(), setWindowRect: true, strictFileInteractability: false, timeouts: {implicit: 0, pageLoad: 300000, script: 30000}, unhandledPromptBehavior: dismiss and notify, webauthn:extension:credBlob: true, webauthn:extension:largeBlob: true, webauthn:extension:minPinLength: true, webauthn:extension:prf: true, webauthn:virtualAuthenticators: true}\nSession ID: 27a2e39367058a5a170139cd467bb247\n*** Element info: {Using\u003dxpath, value\u003d//div[text()\u003d\u0027Swag Labs\u0027]}","stackTrace":[{"declaringClass":"co.com.sena.questions.ValidationName","methodName":"answeredBy","fileName":"ValidationName.java","lineNumber":13},{"declaringClass":"co.com.sena.steptsdefinitions.LoginStepDefinition","methodName":"theUserWillBeLoggedIn","fileName":"LoginStepDefinition.java","lineNumber":46},{"declaringClass":"io.cucumber.java.Invoker","methodName":"doInvoke","fileName":"Invoker.java","lineNumber":66},{"declaringClass":"io.cucumber.java.Invoker","methodName":"invoke","fileName":"Invoker.java","lineNumber":24},{"declaringClass":"io.cucumber.java.AbstractGlueDefinition","methodName":"invokeMethod","fileName":"AbstractGlueDefinition.java","lineNumber":47},{"declaringClass":"io.cucumber.java.JavaStepDefinition","methodName":"execute","fileName":"JavaStepDefinition.java","lineNumber":29},{"declaringClass":"io.cucumber.core.runner.CoreStepDefinition","methodName":"execute","fileName":"CoreStepDefinition.java","lineNumber":66},{"declaringClass":"io.cucumber.core.runner.PickleStepDefinitionMatch","methodName":"runStep","fileName":"PickleStepDefinitionMatch.java","lineNumber":63},{"declaringClass":"io.cucumber.core.runner.TestStep","methodName":"executeStep","fileName":"TestStep.java","lineNumber":92},{"declaringClass":"io.cucumber.core.runner.TestStep","methodName":"run","fileName":"TestStep.java","lineNumber":64},{"declaringClass":"io.cucumber.core.runner.PickleStepTestStep","methodName":"run","fileName":"PickleStepTestStep.java","lineNumber":51},{"declaringClass":"io.cucumber.core.runner.TestCase","methodName":"run","fileName":"TestCase.java","lineNumber":104},{"declaringClass":"io.cucumber.core.runner.Runner","methodName":"runPickle","fileName":"Runner.java","lineNumber":73},{"declaringClass":"io.cucumber.junit.FeatureRunner","methodName":"runChild","fileName":"FeatureRunner.java","lineNumber":135},{"declaringClass":"io.cucumber.junit.FeatureRunner","methodName":"runChild","fileName":"FeatureRunner.java","lineNumber":27},{"declaringClass":"io.cucumber.junit.CucumberSerenityRunner","methodName":"runChild","fileName":"CucumberSerenityRunner.java","lineNumber":258},{"declaringClass":"io.cucumber.junit.CucumberSerenityRunner","methodName":"runChild","fileName":"CucumberSerenityRunner.java","lineNumber":57}]},"testFailureClassname":"org.openqa.selenium.NoSuchElementException","testFailureMessage":"no such element: Unable to locate element: {\"method\":\"xpath\",\"selector\":\"//div[text()\u003d\u0027Swag Labs\u0027]\"}\n  (Session info: chrome\u003d117.0.5938.92)\nFor documentation on this error, please visit: https://www.seleniumhq.org/exceptions/no_such_element.html\nBuild info: version: \u00273.141.59\u0027, revision: \u0027e82be7d358\u0027, time: \u00272018-11-14T08:17:03\u0027\nSystem info: host: \u0027DESKTOP-O230S6D\u0027, ip: \u0027172.18.100.122\u0027, os.name: \u0027Windows 11\u0027, os.arch: \u0027amd64\u0027, os.version: \u002710.0\u0027, java.version: \u00271.8.0_382\u0027\nDriver info: org.openqa.selenium.chrome.ChromeDriver\nCapabilities {acceptInsecureCerts: false, browserName: chrome, browserVersion: 117.0.5938.92, chrome: {chromedriverVersion: 117.0.5938.88 (be6afae47212..., userDataDir: C:\\Users\\SENA\\AppData\\Local...}, fedcm:accounts: true, goog:chromeOptions: {debuggerAddress: localhost:56656}, javascriptEnabled: true, networkConnectionEnabled: false, pageLoadStrategy: normal, platform: WINDOWS, platformName: WINDOWS, proxy: Proxy(), setWindowRect: true, strictFileInteractability: false, timeouts: {implicit: 0, pageLoad: 300000, script: 30000}, unhandledPromptBehavior: dismiss and notify, webauthn:extension:credBlob: true, webauthn:extension:largeBlob: true, webauthn:extension:minPinLength: true, webauthn:extension:prf: true, webauthn:virtualAuthenticators: true}\nSession ID: 27a2e39367058a5a170139cd467bb247\n*** Element info: {Using\u003dxpath, value\u003d//div[text()\u003d\u0027Swag Labs\u0027]}","testFailureSummary":"ERROR;org.openqa.selenium.NoSuchElementException;no such element: Unable to locate element: {\"method\":\"xpath\",\"selector\":\"//div[text()\u003d\u0027Swag Labs\u0027]\"}\n  (Session info: chrome\u003d117.0.5938.92)\nFor documentation on this error, please visit: https://www.seleniumhq.org/exceptions/no_such_element.html\nBuild info: version: \u00273.141.59\u0027, revision: \u0027e82be7d358\u0027, time: \u00272018-11-14T08:17:03\u0027\nSystem info: host: \u0027DESKTOP-O230S6D\u0027, ip: \u0027172.18.100.122\u0027, os.name: \u0027Windows 11\u0027, os.arch: \u0027amd64\u0027, os.version: \u002710.0\u0027, java.version: \u00271.8.0_382\u0027\nDriver info: org.openqa.selenium.chrome.ChromeDriver\nCapabilities {acceptInsecureCerts: false, browserName: chrome, browserVersion: 117.0.5938.92, chrome: {chromedriverVersion: 117.0.5938.88 (be6afae47212..., userDataDir: C:\\Users\\SENA\\AppData\\Local...}, fedcm:accounts: true, goog:chromeOptions: {debuggerAddress: localhost:56656}, javascriptEnabled: true, networkConnectionEnabled: false, pageLoadStrategy: normal, platform: WINDOWS, platformName: WINDOWS, proxy: Proxy(), setWindowRect: true, strictFileInteractability: false, timeouts: {implicit: 0, pageLoad: 300000, script: 30000}, unhandledPromptBehavior: dismiss and notify, webauthn:extension:credBlob: true, webauthn:extension:largeBlob: true, webauthn:extension:minPinLength: true, webauthn:extension:prf: true, webauthn:virtualAuthenticators: true}\nSession ID: 27a2e39367058a5a170139cd467bb247\n*** Element info: {Using\u003dxpath, value\u003d//div[text()\u003d\u0027Swag Labs\u0027]};ValidationName.java","projectKey":"","annotatedResult":"ERROR","sessionId":"27a2e39367058a5a170139cd467bb247","driver":"chrome","isManualTestingUpToDate":false,"manual":false,"testSource":"Cucumber","actors":[{"name":"Felipe","can":["browse the web"]}],"result":"ERROR"}